<?xml version="1.0" encoding="UTF-8"?>
<!-- Generated by org.testng.reporters.JUnitReportReporter -->
<testsuite skipped="0" hostname="DESKTOP-89EB5EA" name="com.ozow.qa.test.CalculatorTest" tests="2" failures="0" timestamp="10 Jul 2020 16:07:12 GMT" time="20.749" errors="0">
  <testcase name="titleTest" time="10.716" classname="com.ozow.qa.test.CalculatorTest"/>
  <testcase name="operationsTest" time="10.033" classname="com.ozow.qa.test.CalculatorTest"/>
</testsuite> <!-- com.ozow.qa.test.CalculatorTest -->
